<?xml version="1.0" encoding="UTF-8"?>
<testng-results ignored="0" total="1" passed="1" failed="0" skipped="0">
  <reporter-output>
  </reporter-output>
  <suite started-at="2025-08-26T12:38:17 IST" name="Default suite" finished-at="2025-08-26T12:38:22 IST" duration-ms="5349">
    <groups>
    </groups>
    <test started-at="2025-08-26T12:38:17 IST" name="Default test" finished-at="2025-08-26T12:38:22 IST" duration-ms="5349">
      <class name="pac1.LAB8_4SELENIUM">
        <test-method is-config="true" signature="setUp()[pri:0, instance:pac1.LAB8_4SELENIUM@3f197a46]" started-at="2025-08-26T12:38:17 IST" name="setUp" finished-at="2025-08-26T12:38:21 IST" duration-ms="3916" status="PASS">
          <reporter-output>
          </reporter-output>
        </test-method> <!-- setUp -->
        <test-method signature="lab_4()[pri:0, instance:pac1.LAB8_4SELENIUM@3f197a46]" started-at="2025-08-26T12:38:21 IST" name="lab_4" finished-at="2025-08-26T12:38:22 IST" duration-ms="1015" status="PASS">
          <reporter-output>
          </reporter-output>
        </test-method> <!-- lab_4 -->
        <test-method is-config="true" signature="CloseBrowser()[pri:0, instance:pac1.LAB8_4SELENIUM@3f197a46]" started-at="2025-08-26T12:38:22 IST" name="CloseBrowser" finished-at="2025-08-26T12:38:22 IST" duration-ms="405" status="PASS">
          <reporter-output>
          </reporter-output>
        </test-method> <!-- CloseBrowser -->
      </class> <!-- pac1.LAB8_4SELENIUM -->
    </test> <!-- Default test -->
  </suite> <!-- Default suite -->
</testng-results>
